<?xml version="1.0" encoding="UTF-8"?>
<!-- Generated by org.testng.reporters.JUnitXMLReporter -->
<testsuite ignored="0" hostname="MinisPC" failures="0" tests="6" name="Default test" time="84.082" errors="0" timestamp="2024-12-20T14:53:59 IST">
  <testcase classname="com.Scenario2.TestCase" name="testValidLogin" time="4.745"/>
  <testcase classname="com.Scenario2.TestCase" name="testLeftMenuOptionsCount" time="1.832"/>
  <testcase classname="com.Scenario2.TestCase" name="searchByUsername" time="2.018"/>
  <testcase classname="com.Scenario2.TestCase" name="searchByUserRole" time="23.145"/>
  <testcase classname="com.Scenario2.TestCase" name="searchByEnabledStatus" time="23.104"/>
  <testcase classname="com.Scenario2.TestCase" name="searchByDisabledStatus" time="23.749"/>
</testsuite> <!-- Default test -->
